running egg_info
creating build/ackermann_robot/ackermann_robot.egg-info
writing build/ackermann_robot/ackermann_robot.egg-info/PKG-INFO
writing dependency_links to build/ackermann_robot/ackermann_robot.egg-info/dependency_links.txt
writing requirements to build/ackermann_robot/ackermann_robot.egg-info/requires.txt
writing top-level names to build/ackermann_robot/ackermann_robot.egg-info/top_level.txt
writing manifest file 'build/ackermann_robot/ackermann_robot.egg-info/SOURCES.txt'
reading manifest file 'build/ackermann_robot/ackermann_robot.egg-info/SOURCES.txt'
writing manifest file 'build/ackermann_robot/ackermann_robot.egg-info/SOURCES.txt'
running build
running build_py
creating /home/angelo/Documents/2024-1/ros/ackermann_robot/build/ackermann_robot/build
creating /home/angelo/Documents/2024-1/ros/ackermann_robot/build/ackermann_robot/build/lib
creating /home/angelo/Documents/2024-1/ros/ackermann_robot/build/ackermann_robot/build/lib/ackermann_robot
copying ackermann_robot/__init__.py -> /home/angelo/Documents/2024-1/ros/ackermann_robot/build/ackermann_robot/build/lib/ackermann_robot
running install
running install_lib
creating /home/angelo/Documents/2024-1/ros/ackermann_robot/install/ackermann_robot/lib/python3.10/site-packages/ackermann_robot
copying /home/angelo/Documents/2024-1/ros/ackermann_robot/build/ackermann_robot/build/lib/ackermann_robot/__init__.py -> /home/angelo/Documents/2024-1/ros/ackermann_robot/install/ackermann_robot/lib/python3.10/site-packages/ackermann_robot
byte-compiling /home/angelo/Documents/2024-1/ros/ackermann_robot/install/ackermann_robot/lib/python3.10/site-packages/ackermann_robot/__init__.py to __init__.cpython-310.pyc
running install_data
creating /home/angelo/Documents/2024-1/ros/ackermann_robot/install/ackermann_robot/share/ament_index
creating /home/angelo/Documents/2024-1/ros/ackermann_robot/install/ackermann_robot/share/ament_index/resource_index
creating /home/angelo/Documents/2024-1/ros/ackermann_robot/install/ackermann_robot/share/ament_index/resource_index/packages
copying resource/ackermann_robot -> /home/angelo/Documents/2024-1/ros/ackermann_robot/install/ackermann_robot/share/ament_index/resource_index/packages
copying package.xml -> /home/angelo/Documents/2024-1/ros/ackermann_robot/install/ackermann_robot/share/ackermann_robot
creating /home/angelo/Documents/2024-1/ros/ackermann_robot/install/ackermann_robot/share/ackermann_robot/launch
copying launch/gazebo.launch.py -> /home/angelo/Documents/2024-1/ros/ackermann_robot/install/ackermann_robot/share/ackermann_robot/launch/
copying launch/visualization.launch.py -> /home/angelo/Documents/2024-1/ros/ackermann_robot/install/ackermann_robot/share/ackermann_robot/launch/
running install_egg_info
Copying build/ackermann_robot/ackermann_robot.egg-info to /home/angelo/Documents/2024-1/ros/ackermann_robot/install/ackermann_robot/lib/python3.10/site-packages/ackermann_robot-0.0.0-py3.10.egg-info
running install_scripts
writing list of installed files to '/home/angelo/Documents/2024-1/ros/ackermann_robot/build/ackermann_robot/install.log'
