[1.091s] Invoking command in '/home/angelo/Documents/2024-1/ros/ackermann_robot': PYTHONPATH=/home/angelo/Documents/2024-1/ros/ackermann_robot/build/ackermann_robot/prefix_override:/usr/lib/python3/dist-packages/colcon_core/task/python/colcon_distutils_commands:/home/angelo/Documents/2024-1/ros/ackermann_robot/install/ackermann_robot/lib/python3.10/site-packages:${PYTHONPATH} /usr/bin/python3 -W ignore:setup.py install is deprecated setup.py egg_info --egg-base build/ackermann_robot build --build-base /home/angelo/Documents/2024-1/ros/ackermann_robot/build/ackermann_robot/build install --record /home/angelo/Documents/2024-1/ros/ackermann_robot/build/ackermann_robot/install.log --single-version-externally-managed install_data
[1.411s] running egg_info
[1.433s] writing build/ackermann_robot/ackermann_robot.egg-info/PKG-INFO
[1.433s] writing dependency_links to build/ackermann_robot/ackermann_robot.egg-info/dependency_links.txt
[1.434s] writing requirements to build/ackermann_robot/ackermann_robot.egg-info/requires.txt
[1.434s] writing top-level names to build/ackermann_robot/ackermann_robot.egg-info/top_level.txt
[1.484s] reading manifest file 'build/ackermann_robot/ackermann_robot.egg-info/SOURCES.txt'
[1.485s] writing manifest file 'build/ackermann_robot/ackermann_robot.egg-info/SOURCES.txt'
[1.485s] running build
[1.485s] running build_py
[1.485s] running install
[1.492s] running install_lib
[1.516s] running install_data
[1.516s] copying launch/gazebo.launch.py -> /home/angelo/Documents/2024-1/ros/ackermann_robot/install/ackermann_robot/share/ackermann_robot/launch/
[1.516s] running install_egg_info
[1.543s] removing '/home/angelo/Documents/2024-1/ros/ackermann_robot/install/ackermann_robot/lib/python3.10/site-packages/ackermann_robot-0.0.0-py3.10.egg-info' (and everything under it)
[1.544s] Copying build/ackermann_robot/ackermann_robot.egg-info to /home/angelo/Documents/2024-1/ros/ackermann_robot/install/ackermann_robot/lib/python3.10/site-packages/ackermann_robot-0.0.0-py3.10.egg-info
[1.544s] running install_scripts
[1.764s] writing list of installed files to '/home/angelo/Documents/2024-1/ros/ackermann_robot/build/ackermann_robot/install.log'
[1.794s] Invoked command in '/home/angelo/Documents/2024-1/ros/ackermann_robot' returned '0': PYTHONPATH=/home/angelo/Documents/2024-1/ros/ackermann_robot/build/ackermann_robot/prefix_override:/usr/lib/python3/dist-packages/colcon_core/task/python/colcon_distutils_commands:/home/angelo/Documents/2024-1/ros/ackermann_robot/install/ackermann_robot/lib/python3.10/site-packages:${PYTHONPATH} /usr/bin/python3 -W ignore:setup.py install is deprecated setup.py egg_info --egg-base build/ackermann_robot build --build-base /home/angelo/Documents/2024-1/ros/ackermann_robot/build/ackermann_robot/build install --record /home/angelo/Documents/2024-1/ros/ackermann_robot/build/ackermann_robot/install.log --single-version-externally-managed install_data
