[1.122s] Invoking command in '/home/angelo/Documents/repos/ackermann_ros2/ackermann_robot': PYTHONPATH=/home/angelo/Documents/repos/ackermann_ros2/ackermann_robot/build/ackermann_robot/prefix_override:/usr/lib/python3/dist-packages/colcon_core/task/python/colcon_distutils_commands:/home/angelo/Documents/repos/ackermann_ros2/ackermann_robot/install/ackermann_robot/lib/python3.10/site-packages:${PYTHONPATH} /usr/bin/python3 -W ignore:setup.py install is deprecated setup.py egg_info --egg-base build/ackermann_robot build --build-base /home/angelo/Documents/repos/ackermann_ros2/ackermann_robot/build/ackermann_robot/build install --record /home/angelo/Documents/repos/ackermann_ros2/ackermann_robot/build/ackermann_robot/install.log --single-version-externally-managed install_data
[1.425s] running egg_info
[1.451s] writing build/ackermann_robot/ackermann_robot.egg-info/PKG-INFO
[1.452s] writing dependency_links to build/ackermann_robot/ackermann_robot.egg-info/dependency_links.txt
[1.452s] writing requirements to build/ackermann_robot/ackermann_robot.egg-info/requires.txt
[1.452s] writing top-level names to build/ackermann_robot/ackermann_robot.egg-info/top_level.txt
[1.497s] reading manifest file 'build/ackermann_robot/ackermann_robot.egg-info/SOURCES.txt'
[1.499s] writing manifest file 'build/ackermann_robot/ackermann_robot.egg-info/SOURCES.txt'
[1.499s] running build
[1.499s] running build_py
[1.499s] running install
[1.506s] running install_lib
[1.527s] running install_data
[1.527s] copying launch/visualization.launch.py -> /home/angelo/Documents/repos/ackermann_ros2/ackermann_robot/install/ackermann_robot/share/ackermann_robot/launch/
[1.528s] running install_egg_info
[1.554s] removing '/home/angelo/Documents/repos/ackermann_ros2/ackermann_robot/install/ackermann_robot/lib/python3.10/site-packages/ackermann_robot-0.0.0-py3.10.egg-info' (and everything under it)
[1.554s] Copying build/ackermann_robot/ackermann_robot.egg-info to /home/angelo/Documents/repos/ackermann_ros2/ackermann_robot/install/ackermann_robot/lib/python3.10/site-packages/ackermann_robot-0.0.0-py3.10.egg-info
[1.555s] running install_scripts
[1.745s] writing list of installed files to '/home/angelo/Documents/repos/ackermann_ros2/ackermann_robot/build/ackermann_robot/install.log'
[1.780s] Invoked command in '/home/angelo/Documents/repos/ackermann_ros2/ackermann_robot' returned '0': PYTHONPATH=/home/angelo/Documents/repos/ackermann_ros2/ackermann_robot/build/ackermann_robot/prefix_override:/usr/lib/python3/dist-packages/colcon_core/task/python/colcon_distutils_commands:/home/angelo/Documents/repos/ackermann_ros2/ackermann_robot/install/ackermann_robot/lib/python3.10/site-packages:${PYTHONPATH} /usr/bin/python3 -W ignore:setup.py install is deprecated setup.py egg_info --egg-base build/ackermann_robot build --build-base /home/angelo/Documents/repos/ackermann_ros2/ackermann_robot/build/ackermann_robot/build install --record /home/angelo/Documents/repos/ackermann_ros2/ackermann_robot/build/ackermann_robot/install.log --single-version-externally-managed install_data
