[0.125s] DEBUG:colcon:Command line arguments: ['/usr/bin/colcon', 'build']
[0.125s] DEBUG:colcon:Parsed command line arguments: Namespace(log_base=None, log_level=None, verb_name='build', build_base='build', install_base='install', merge_install=False, symlink_install=False, test_result_base=None, continue_on_error=False, executor='parallel', parallel_workers=8, event_handlers=None, ignore_user_meta=False, metas=['./colcon.meta'], base_paths=['.'], packages_ignore=None, packages_ignore_regex=None, paths=None, packages_up_to=None, packages_up_to_regex=None, packages_above=None, packages_above_and_dependencies=None, packages_above_depth=None, packages_select_by_dep=None, packages_skip_by_dep=None, packages_skip_up_to=None, packages_select_build_failed=False, packages_skip_build_finished=False, packages_select_test_failures=False, packages_skip_test_passed=False, packages_select=None, packages_skip=None, packages_select_regex=None, packages_skip_regex=None, packages_start=None, packages_end=None, allow_overriding=[], cmake_args=None, cmake_target=None, cmake_target_skip_unavailable=False, cmake_clean_cache=False, cmake_clean_first=False, cmake_force_configure=False, ament_cmake_args=None, catkin_cmake_args=None, catkin_skip_building_tests=False, mixin_files=None, mixin=None, verb_parser=<colcon_mixin.mixin.mixin_argument.MixinArgumentDecorator object at 0x777e0929c0a0>, verb_extension=<colcon_core.verb.build.BuildVerb object at 0x777e093842e0>, main=<bound method BuildVerb.main of <colcon_core.verb.build.BuildVerb object at 0x777e093842e0>>, mixin_verb=('build',))
[0.170s] Level 1:colcon.colcon_core.package_discovery:discover_packages(colcon_meta) check parameters
[0.171s] Level 1:colcon.colcon_core.package_discovery:discover_packages(recursive) check parameters
[0.171s] Level 1:colcon.colcon_core.package_discovery:discover_packages(ignore) check parameters
[0.171s] Level 1:colcon.colcon_core.package_discovery:discover_packages(path) check parameters
[0.171s] Level 1:colcon.colcon_core.package_discovery:discover_packages(colcon_meta) discover
[0.171s] Level 1:colcon.colcon_core.package_discovery:discover_packages(recursive) discover
[0.171s] INFO:colcon.colcon_core.package_discovery:Crawling recursively for packages in '/home/angelo/Documents/2024-1/ros/ackermann_robot'
[0.171s] Level 1:colcon.colcon_core.package_identification:_identify(.) by extensions ['ignore', 'ignore_ament_install']
[0.171s] Level 1:colcon.colcon_core.package_identification:_identify(.) by extension 'ignore'
[0.171s] Level 1:colcon.colcon_core.package_identification:_identify(.) by extension 'ignore_ament_install'
[0.171s] Level 1:colcon.colcon_core.package_identification:_identify(.) by extensions ['colcon_pkg']
[0.171s] Level 1:colcon.colcon_core.package_identification:_identify(.) by extension 'colcon_pkg'
[0.171s] Level 1:colcon.colcon_core.package_identification:_identify(.) by extensions ['colcon_meta']
[0.172s] Level 1:colcon.colcon_core.package_identification:_identify(.) by extension 'colcon_meta'
[0.172s] Level 1:colcon.colcon_core.package_identification:_identify(.) by extensions ['ros']
[0.172s] Level 1:colcon.colcon_core.package_identification:_identify(.) by extension 'ros'
[0.204s] DEBUG:colcon.colcon_core.package_identification:Package '.' with type 'ros.ament_python' and name 'ackermann_robot'
[0.204s] Level 1:colcon.colcon_core.package_discovery:discover_packages(recursive) using defaults
[0.204s] Level 1:colcon.colcon_core.package_discovery:discover_packages(ignore) discover
[0.204s] Level 1:colcon.colcon_core.package_discovery:discover_packages(ignore) using defaults
[0.204s] Level 1:colcon.colcon_core.package_discovery:discover_packages(path) discover
[0.204s] Level 1:colcon.colcon_core.package_discovery:discover_packages(path) using defaults
[0.224s] Level 1:colcon.colcon_core.package_discovery:discover_packages(prefix_path) check parameters
[0.224s] Level 1:colcon.colcon_core.package_discovery:discover_packages(prefix_path) discover
[0.226s] DEBUG:colcon.colcon_installed_package_information.package_discovery:Found 1 installed packages in /home/angelo/Documents/2024-1/ros/ackermann_robot/install
[0.227s] DEBUG:colcon.colcon_installed_package_information.package_discovery:Found 315 installed packages in /opt/ros/iron
[0.229s] Level 1:colcon.colcon_core.package_discovery:discover_packages(prefix_path) using defaults
[0.282s] Level 5:colcon.colcon_core.verb:set package 'ackermann_robot' build argument 'cmake_args' from command line to 'None'
[0.282s] Level 5:colcon.colcon_core.verb:set package 'ackermann_robot' build argument 'cmake_target' from command line to 'None'
[0.282s] Level 5:colcon.colcon_core.verb:set package 'ackermann_robot' build argument 'cmake_target_skip_unavailable' from command line to 'False'
[0.282s] Level 5:colcon.colcon_core.verb:set package 'ackermann_robot' build argument 'cmake_clean_cache' from command line to 'False'
[0.282s] Level 5:colcon.colcon_core.verb:set package 'ackermann_robot' build argument 'cmake_clean_first' from command line to 'False'
[0.282s] Level 5:colcon.colcon_core.verb:set package 'ackermann_robot' build argument 'cmake_force_configure' from command line to 'False'
[0.282s] Level 5:colcon.colcon_core.verb:set package 'ackermann_robot' build argument 'ament_cmake_args' from command line to 'None'
[0.283s] Level 5:colcon.colcon_core.verb:set package 'ackermann_robot' build argument 'catkin_cmake_args' from command line to 'None'
[0.283s] Level 5:colcon.colcon_core.verb:set package 'ackermann_robot' build argument 'catkin_skip_building_tests' from command line to 'False'
[0.283s] DEBUG:colcon.colcon_core.verb:Building package 'ackermann_robot' with the following arguments: {'ament_cmake_args': None, 'build_base': '/home/angelo/Documents/2024-1/ros/ackermann_robot/build/ackermann_robot', 'catkin_cmake_args': None, 'catkin_skip_building_tests': False, 'cmake_args': None, 'cmake_clean_cache': False, 'cmake_clean_first': False, 'cmake_force_configure': False, 'cmake_target': None, 'cmake_target_skip_unavailable': False, 'install_base': '/home/angelo/Documents/2024-1/ros/ackermann_robot/install/ackermann_robot', 'merge_install': False, 'path': '/home/angelo/Documents/2024-1/ros/ackermann_robot', 'symlink_install': False, 'test_result_base': None}
[0.283s] INFO:colcon.colcon_core.executor:Executing jobs using 'parallel' executor
[0.284s] DEBUG:colcon.colcon_parallel_executor.executor.parallel:run_until_complete
[0.285s] INFO:colcon.colcon_ros.task.ament_python.build:Building ROS package in '/home/angelo/Documents/2024-1/ros/ackermann_robot' with build type 'ament_python'
[0.285s] Level 1:colcon.colcon_core.shell:create_environment_hook('ackermann_robot', 'ament_prefix_path')
[0.287s] INFO:colcon.colcon_core.plugin_system:Skipping extension 'colcon_core.shell.bat': Not used on non-Windows systems
[0.287s] INFO:colcon.colcon_core.shell:Creating environment hook '/home/angelo/Documents/2024-1/ros/ackermann_robot/install/ackermann_robot/share/ackermann_robot/hook/ament_prefix_path.ps1'
[0.288s] INFO:colcon.colcon_core.shell:Creating environment descriptor '/home/angelo/Documents/2024-1/ros/ackermann_robot/install/ackermann_robot/share/ackermann_robot/hook/ament_prefix_path.dsv'
[0.288s] INFO:colcon.colcon_core.shell:Creating environment hook '/home/angelo/Documents/2024-1/ros/ackermann_robot/install/ackermann_robot/share/ackermann_robot/hook/ament_prefix_path.sh'
[0.289s] INFO:colcon.colcon_core.shell:Skip shell extension 'powershell' for command environment: Not usable outside of PowerShell
[0.289s] DEBUG:colcon.colcon_core.shell:Skip shell extension 'dsv' for command environment
[0.570s] INFO:colcon.colcon_core.task.python.build:Building Python package in '/home/angelo/Documents/2024-1/ros/ackermann_robot'
[0.571s] INFO:colcon.colcon_core.shell:Skip shell extension 'powershell' for command environment: Not usable outside of PowerShell
[0.571s] DEBUG:colcon.colcon_core.shell:Skip shell extension 'dsv' for command environment
[1.359s] DEBUG:colcon.colcon_core.event_handler.log_command:Invoking command in '/home/angelo/Documents/2024-1/ros/ackermann_robot': PYTHONPATH=/home/angelo/Documents/2024-1/ros/ackermann_robot/build/ackermann_robot/prefix_override:/usr/lib/python3/dist-packages/colcon_core/task/python/colcon_distutils_commands:/home/angelo/Documents/2024-1/ros/ackermann_robot/install/ackermann_robot/lib/python3.10/site-packages:${PYTHONPATH} /usr/bin/python3 -W ignore:setup.py install is deprecated setup.py egg_info --egg-base build/ackermann_robot build --build-base /home/angelo/Documents/2024-1/ros/ackermann_robot/build/ackermann_robot/build install --record /home/angelo/Documents/2024-1/ros/ackermann_robot/build/ackermann_robot/install.log --single-version-externally-managed install_data
[2.056s] DEBUG:colcon.colcon_core.event_handler.log_command:Invoked command in '/home/angelo/Documents/2024-1/ros/ackermann_robot' returned '0': PYTHONPATH=/home/angelo/Documents/2024-1/ros/ackermann_robot/build/ackermann_robot/prefix_override:/usr/lib/python3/dist-packages/colcon_core/task/python/colcon_distutils_commands:/home/angelo/Documents/2024-1/ros/ackermann_robot/install/ackermann_robot/lib/python3.10/site-packages:${PYTHONPATH} /usr/bin/python3 -W ignore:setup.py install is deprecated setup.py egg_info --egg-base build/ackermann_robot build --build-base /home/angelo/Documents/2024-1/ros/ackermann_robot/build/ackermann_robot/build install --record /home/angelo/Documents/2024-1/ros/ackermann_robot/build/ackermann_robot/install.log --single-version-externally-managed install_data
[2.058s] Level 1:colcon.colcon_core.environment:checking '/home/angelo/Documents/2024-1/ros/ackermann_robot/install/ackermann_robot' for CMake module files
[2.059s] Level 1:colcon.colcon_core.environment:checking '/home/angelo/Documents/2024-1/ros/ackermann_robot/install/ackermann_robot' for CMake config files
[2.059s] Level 1:colcon.colcon_core.environment:checking '/home/angelo/Documents/2024-1/ros/ackermann_robot/install/ackermann_robot/lib'
[2.059s] Level 1:colcon.colcon_core.environment:checking '/home/angelo/Documents/2024-1/ros/ackermann_robot/install/ackermann_robot/bin'
[2.060s] Level 1:colcon.colcon_core.environment:checking '/home/angelo/Documents/2024-1/ros/ackermann_robot/install/ackermann_robot/lib/pkgconfig/ackermann_robot.pc'
[2.060s] Level 1:colcon.colcon_core.environment:checking '/home/angelo/Documents/2024-1/ros/ackermann_robot/install/ackermann_robot/lib/python3.10/site-packages'
[2.060s] Level 1:colcon.colcon_core.shell:create_environment_hook('ackermann_robot', 'pythonpath')
[2.060s] INFO:colcon.colcon_core.shell:Creating environment hook '/home/angelo/Documents/2024-1/ros/ackermann_robot/install/ackermann_robot/share/ackermann_robot/hook/pythonpath.ps1'
[2.061s] INFO:colcon.colcon_core.shell:Creating environment descriptor '/home/angelo/Documents/2024-1/ros/ackermann_robot/install/ackermann_robot/share/ackermann_robot/hook/pythonpath.dsv'
[2.061s] INFO:colcon.colcon_core.shell:Creating environment hook '/home/angelo/Documents/2024-1/ros/ackermann_robot/install/ackermann_robot/share/ackermann_robot/hook/pythonpath.sh'
[2.062s] Level 1:colcon.colcon_core.environment:checking '/home/angelo/Documents/2024-1/ros/ackermann_robot/install/ackermann_robot/bin'
[2.062s] Level 1:colcon.colcon_core.environment:create_environment_scripts_only(ackermann_robot)
[2.063s] INFO:colcon.colcon_core.shell:Creating package script '/home/angelo/Documents/2024-1/ros/ackermann_robot/install/ackermann_robot/share/ackermann_robot/package.ps1'
[2.064s] INFO:colcon.colcon_core.shell:Creating package descriptor '/home/angelo/Documents/2024-1/ros/ackermann_robot/install/ackermann_robot/share/ackermann_robot/package.dsv'
[2.064s] INFO:colcon.colcon_core.shell:Creating package script '/home/angelo/Documents/2024-1/ros/ackermann_robot/install/ackermann_robot/share/ackermann_robot/package.sh'
[2.065s] INFO:colcon.colcon_core.shell:Creating package script '/home/angelo/Documents/2024-1/ros/ackermann_robot/install/ackermann_robot/share/ackermann_robot/package.bash'
[2.066s] INFO:colcon.colcon_core.shell:Creating package script '/home/angelo/Documents/2024-1/ros/ackermann_robot/install/ackermann_robot/share/ackermann_robot/package.zsh'
[2.067s] Level 1:colcon.colcon_core.environment:create_file_with_runtime_dependencies(/home/angelo/Documents/2024-1/ros/ackermann_robot/install/ackermann_robot/share/colcon-core/packages/ackermann_robot)
[2.067s] DEBUG:colcon.colcon_parallel_executor.executor.parallel:closing loop
[2.068s] DEBUG:colcon.colcon_parallel_executor.executor.parallel:loop closed
[2.068s] DEBUG:colcon.colcon_parallel_executor.executor.parallel:run_until_complete finished with '0'
[2.068s] DEBUG:colcon.colcon_core.event_reactor:joining thread
[2.086s] INFO:colcon.colcon_core.plugin_system:Skipping extension 'colcon_notification.desktop_notification.terminal_notifier': Not used on non-Darwin systems
[2.086s] INFO:colcon.colcon_core.plugin_system:Skipping extension 'colcon_notification.desktop_notification.win32': Not used on non-Windows systems
[2.087s] INFO:colcon.colcon_notification.desktop_notification:Sending desktop notification using 'notify2'
[2.103s] DEBUG:colcon.colcon_core.event_reactor:joined thread
[2.103s] INFO:colcon.colcon_core.shell:Creating prefix script '/home/angelo/Documents/2024-1/ros/ackermann_robot/install/local_setup.ps1'
[2.104s] INFO:colcon.colcon_core.shell:Creating prefix util module '/home/angelo/Documents/2024-1/ros/ackermann_robot/install/_local_setup_util_ps1.py'
[2.106s] INFO:colcon.colcon_core.shell:Creating prefix chain script '/home/angelo/Documents/2024-1/ros/ackermann_robot/install/setup.ps1'
[2.107s] INFO:colcon.colcon_core.shell:Creating prefix script '/home/angelo/Documents/2024-1/ros/ackermann_robot/install/local_setup.sh'
[2.108s] INFO:colcon.colcon_core.shell:Creating prefix util module '/home/angelo/Documents/2024-1/ros/ackermann_robot/install/_local_setup_util_sh.py'
[2.108s] INFO:colcon.colcon_core.shell:Creating prefix chain script '/home/angelo/Documents/2024-1/ros/ackermann_robot/install/setup.sh'
[2.110s] INFO:colcon.colcon_core.shell:Creating prefix script '/home/angelo/Documents/2024-1/ros/ackermann_robot/install/local_setup.bash'
[2.111s] INFO:colcon.colcon_core.shell:Creating prefix chain script '/home/angelo/Documents/2024-1/ros/ackermann_robot/install/setup.bash'
[2.113s] INFO:colcon.colcon_core.shell:Creating prefix script '/home/angelo/Documents/2024-1/ros/ackermann_robot/install/local_setup.zsh'
[2.113s] INFO:colcon.colcon_core.shell:Creating prefix chain script '/home/angelo/Documents/2024-1/ros/ackermann_robot/install/setup.zsh'
