[0.092s] DEBUG:colcon:Command line arguments: ['/usr/bin/colcon', 'build', '--packages-up-to', 'micro_ros_agent', '--cmake-args', '-DUAGENT_BUILD_EXECUTABLE=OFF', '-DUAGENT_P2P_PROFILE=OFF', '--no-warn-unused-cli']
[0.092s] DEBUG:colcon:Parsed command line arguments: Namespace(log_base=None, log_level=None, verb_name='build', build_base='build', install_base='install', merge_install=False, symlink_install=False, test_result_base=None, continue_on_error=False, executor='parallel', parallel_workers=8, event_handlers=None, ignore_user_meta=False, metas=['./colcon.meta'], base_paths=['.'], packages_ignore=None, packages_ignore_regex=None, paths=None, packages_up_to=['micro_ros_agent'], packages_up_to_regex=None, packages_above=None, packages_above_and_dependencies=None, packages_above_depth=None, packages_select_by_dep=None, packages_skip_by_dep=None, packages_skip_up_to=None, packages_select_build_failed=False, packages_skip_build_finished=False, packages_select_test_failures=False, packages_skip_test_passed=False, packages_select=None, packages_skip=None, packages_select_regex=None, packages_skip_regex=None, packages_start=None, packages_end=None, allow_overriding=[], cmake_args=['-DUAGENT_BUILD_EXECUTABLE=OFF', '-DUAGENT_P2P_PROFILE=OFF', '--no-warn-unused-cli'], cmake_target=None, cmake_target_skip_unavailable=False, cmake_clean_cache=False, cmake_clean_first=False, cmake_force_configure=False, ament_cmake_args=None, catkin_cmake_args=None, catkin_skip_building_tests=False, mixin_files=None, mixin=None, verb_parser=<colcon_mixin.mixin.mixin_argument.MixinArgumentDecorator object at 0x725656847e50>, verb_extension=<colcon_core.verb.build.BuildVerb object at 0x7256569685e0>, main=<bound method BuildVerb.main of <colcon_core.verb.build.BuildVerb object at 0x7256569685e0>>, mixin_verb=('build',))
[0.123s] Level 1:colcon.colcon_core.package_discovery:discover_packages(colcon_meta) check parameters
[0.123s] Level 1:colcon.colcon_core.package_discovery:discover_packages(recursive) check parameters
[0.123s] Level 1:colcon.colcon_core.package_discovery:discover_packages(ignore) check parameters
[0.123s] Level 1:colcon.colcon_core.package_discovery:discover_packages(path) check parameters
[0.123s] Level 1:colcon.colcon_core.package_discovery:discover_packages(colcon_meta) discover
[0.124s] Level 1:colcon.colcon_core.package_discovery:discover_packages(recursive) discover
[0.124s] INFO:colcon.colcon_core.package_discovery:Crawling recursively for packages in '/home/angelo/Documents/repos/ackermann_ros2/uros_ws'
[0.124s] Level 1:colcon.colcon_core.package_identification:_identify(.) by extensions ['ignore', 'ignore_ament_install']
[0.124s] Level 1:colcon.colcon_core.package_identification:_identify(.) by extension 'ignore'
[0.124s] Level 1:colcon.colcon_core.package_identification:_identify(.) by extension 'ignore_ament_install'
[0.124s] Level 1:colcon.colcon_core.package_identification:_identify(.) by extensions ['colcon_pkg']
[0.124s] Level 1:colcon.colcon_core.package_identification:_identify(.) by extension 'colcon_pkg'
[0.124s] Level 1:colcon.colcon_core.package_identification:_identify(.) by extensions ['colcon_meta']
[0.124s] Level 1:colcon.colcon_core.package_identification:_identify(.) by extension 'colcon_meta'
[0.124s] Level 1:colcon.colcon_core.package_identification:_identify(.) by extensions ['ros']
[0.124s] Level 1:colcon.colcon_core.package_identification:_identify(.) by extension 'ros'
[0.146s] Level 1:colcon.colcon_core.package_identification:_identify(.) by extensions ['cmake', 'python']
[0.146s] Level 1:colcon.colcon_core.package_identification:_identify(.) by extension 'cmake'
[0.146s] Level 1:colcon.colcon_core.package_identification:_identify(.) by extension 'python'
[0.146s] Level 1:colcon.colcon_core.package_identification:_identify(.) by extensions ['python_setup_py']
[0.146s] Level 1:colcon.colcon_core.package_identification:_identify(.) by extension 'python_setup_py'
[0.146s] Level 1:colcon.colcon_core.package_identification:_identify(build) by extensions ['ignore', 'ignore_ament_install']
[0.146s] Level 1:colcon.colcon_core.package_identification:_identify(build) by extension 'ignore'
[0.146s] Level 1:colcon.colcon_core.package_identification:_identify(build) ignored
[0.146s] Level 1:colcon.colcon_core.package_identification:_identify(install) by extensions ['ignore', 'ignore_ament_install']
[0.147s] Level 1:colcon.colcon_core.package_identification:_identify(install) by extension 'ignore'
[0.147s] Level 1:colcon.colcon_core.package_identification:_identify(install) ignored
[0.147s] Level 1:colcon.colcon_core.package_identification:_identify(log) by extensions ['ignore', 'ignore_ament_install']
[0.147s] Level 1:colcon.colcon_core.package_identification:_identify(log) by extension 'ignore'
[0.147s] Level 1:colcon.colcon_core.package_identification:_identify(log) ignored
[0.147s] Level 1:colcon.colcon_core.package_identification:_identify(src) by extensions ['ignore', 'ignore_ament_install']
[0.147s] Level 1:colcon.colcon_core.package_identification:_identify(src) by extension 'ignore'
[0.147s] Level 1:colcon.colcon_core.package_identification:_identify(src) by extension 'ignore_ament_install'
[0.147s] Level 1:colcon.colcon_core.package_identification:_identify(src) by extensions ['colcon_pkg']
[0.147s] Level 1:colcon.colcon_core.package_identification:_identify(src) by extension 'colcon_pkg'
[0.147s] Level 1:colcon.colcon_core.package_identification:_identify(src) by extensions ['colcon_meta']
[0.147s] Level 1:colcon.colcon_core.package_identification:_identify(src) by extension 'colcon_meta'
[0.147s] Level 1:colcon.colcon_core.package_identification:_identify(src) by extensions ['ros']
[0.147s] Level 1:colcon.colcon_core.package_identification:_identify(src) by extension 'ros'
[0.147s] Level 1:colcon.colcon_core.package_identification:_identify(src) by extensions ['cmake', 'python']
[0.147s] Level 1:colcon.colcon_core.package_identification:_identify(src) by extension 'cmake'
[0.147s] Level 1:colcon.colcon_core.package_identification:_identify(src) by extension 'python'
[0.147s] Level 1:colcon.colcon_core.package_identification:_identify(src) by extensions ['python_setup_py']
[0.147s] Level 1:colcon.colcon_core.package_identification:_identify(src) by extension 'python_setup_py'
[0.148s] Level 1:colcon.colcon_core.package_identification:_identify(src/micro_ros_setup) by extensions ['ignore', 'ignore_ament_install']
[0.148s] Level 1:colcon.colcon_core.package_identification:_identify(src/micro_ros_setup) by extension 'ignore'
[0.148s] Level 1:colcon.colcon_core.package_identification:_identify(src/micro_ros_setup) by extension 'ignore_ament_install'
[0.148s] Level 1:colcon.colcon_core.package_identification:_identify(src/micro_ros_setup) by extensions ['colcon_pkg']
[0.148s] Level 1:colcon.colcon_core.package_identification:_identify(src/micro_ros_setup) by extension 'colcon_pkg'
[0.148s] Level 1:colcon.colcon_core.package_identification:_identify(src/micro_ros_setup) by extensions ['colcon_meta']
[0.148s] Level 1:colcon.colcon_core.package_identification:_identify(src/micro_ros_setup) by extension 'colcon_meta'
[0.148s] Level 1:colcon.colcon_core.package_identification:_identify(src/micro_ros_setup) by extensions ['ros']
[0.148s] Level 1:colcon.colcon_core.package_identification:_identify(src/micro_ros_setup) by extension 'ros'
[0.150s] DEBUG:colcon.colcon_core.package_identification:Package 'src/micro_ros_setup' with type 'ros.ament_cmake' and name 'micro_ros_setup'
[0.150s] Level 1:colcon.colcon_core.package_identification:_identify(src/uros) by extensions ['ignore', 'ignore_ament_install']
[0.151s] Level 1:colcon.colcon_core.package_identification:_identify(src/uros) by extension 'ignore'
[0.151s] Level 1:colcon.colcon_core.package_identification:_identify(src/uros) by extension 'ignore_ament_install'
[0.151s] Level 1:colcon.colcon_core.package_identification:_identify(src/uros) by extensions ['colcon_pkg']
[0.151s] Level 1:colcon.colcon_core.package_identification:_identify(src/uros) by extension 'colcon_pkg'
[0.151s] Level 1:colcon.colcon_core.package_identification:_identify(src/uros) by extensions ['colcon_meta']
[0.151s] Level 1:colcon.colcon_core.package_identification:_identify(src/uros) by extension 'colcon_meta'
[0.151s] Level 1:colcon.colcon_core.package_identification:_identify(src/uros) by extensions ['ros']
[0.151s] Level 1:colcon.colcon_core.package_identification:_identify(src/uros) by extension 'ros'
[0.151s] Level 1:colcon.colcon_core.package_identification:_identify(src/uros) by extensions ['cmake', 'python']
[0.151s] Level 1:colcon.colcon_core.package_identification:_identify(src/uros) by extension 'cmake'
[0.151s] Level 1:colcon.colcon_core.package_identification:_identify(src/uros) by extension 'python'
[0.151s] Level 1:colcon.colcon_core.package_identification:_identify(src/uros) by extensions ['python_setup_py']
[0.151s] Level 1:colcon.colcon_core.package_identification:_identify(src/uros) by extension 'python_setup_py'
[0.151s] Level 1:colcon.colcon_core.package_identification:_identify(src/uros/drive_base) by extensions ['ignore', 'ignore_ament_install']
[0.151s] Level 1:colcon.colcon_core.package_identification:_identify(src/uros/drive_base) by extension 'ignore'
[0.151s] Level 1:colcon.colcon_core.package_identification:_identify(src/uros/drive_base) by extension 'ignore_ament_install'
[0.151s] Level 1:colcon.colcon_core.package_identification:_identify(src/uros/drive_base) by extensions ['colcon_pkg']
[0.151s] Level 1:colcon.colcon_core.package_identification:_identify(src/uros/drive_base) by extension 'colcon_pkg'
[0.151s] Level 1:colcon.colcon_core.package_identification:_identify(src/uros/drive_base) by extensions ['colcon_meta']
[0.151s] Level 1:colcon.colcon_core.package_identification:_identify(src/uros/drive_base) by extension 'colcon_meta'
[0.152s] Level 1:colcon.colcon_core.package_identification:_identify(src/uros/drive_base) by extensions ['ros']
[0.152s] Level 1:colcon.colcon_core.package_identification:_identify(src/uros/drive_base) by extension 'ros'
[0.152s] Level 1:colcon.colcon_core.package_identification:_identify(src/uros/drive_base) by extensions ['cmake', 'python']
[0.152s] Level 1:colcon.colcon_core.package_identification:_identify(src/uros/drive_base) by extension 'cmake'
[0.152s] Level 1:colcon.colcon_core.package_identification:_identify(src/uros/drive_base) by extension 'python'
[0.152s] Level 1:colcon.colcon_core.package_identification:_identify(src/uros/drive_base) by extensions ['python_setup_py']
[0.152s] Level 1:colcon.colcon_core.package_identification:_identify(src/uros/drive_base) by extension 'python_setup_py'
[0.152s] Level 1:colcon.colcon_core.package_identification:_identify(src/uros/drive_base/drive_base_msgs) by extensions ['ignore', 'ignore_ament_install']
[0.152s] Level 1:colcon.colcon_core.package_identification:_identify(src/uros/drive_base/drive_base_msgs) by extension 'ignore'
[0.152s] Level 1:colcon.colcon_core.package_identification:_identify(src/uros/drive_base/drive_base_msgs) by extension 'ignore_ament_install'
[0.152s] Level 1:colcon.colcon_core.package_identification:_identify(src/uros/drive_base/drive_base_msgs) by extensions ['colcon_pkg']
[0.152s] Level 1:colcon.colcon_core.package_identification:_identify(src/uros/drive_base/drive_base_msgs) by extension 'colcon_pkg'
[0.152s] Level 1:colcon.colcon_core.package_identification:_identify(src/uros/drive_base/drive_base_msgs) by extensions ['colcon_meta']
[0.152s] Level 1:colcon.colcon_core.package_identification:_identify(src/uros/drive_base/drive_base_msgs) by extension 'colcon_meta'
[0.152s] Level 1:colcon.colcon_core.package_identification:_identify(src/uros/drive_base/drive_base_msgs) by extensions ['ros']
[0.152s] Level 1:colcon.colcon_core.package_identification:_identify(src/uros/drive_base/drive_base_msgs) by extension 'ros'
[0.153s] DEBUG:colcon.colcon_core.package_identification:Package 'src/uros/drive_base/drive_base_msgs' with type 'ros.ament_cmake' and name 'drive_base_msgs'
[0.153s] Level 1:colcon.colcon_core.package_identification:_identify(src/uros/micro-ROS-Agent) by extensions ['ignore', 'ignore_ament_install']
[0.153s] Level 1:colcon.colcon_core.package_identification:_identify(src/uros/micro-ROS-Agent) by extension 'ignore'
[0.153s] Level 1:colcon.colcon_core.package_identification:_identify(src/uros/micro-ROS-Agent) by extension 'ignore_ament_install'
[0.153s] Level 1:colcon.colcon_core.package_identification:_identify(src/uros/micro-ROS-Agent) by extensions ['colcon_pkg']
[0.153s] Level 1:colcon.colcon_core.package_identification:_identify(src/uros/micro-ROS-Agent) by extension 'colcon_pkg'
[0.153s] Level 1:colcon.colcon_core.package_identification:_identify(src/uros/micro-ROS-Agent) by extensions ['colcon_meta']
[0.153s] Level 1:colcon.colcon_core.package_identification:_identify(src/uros/micro-ROS-Agent) by extension 'colcon_meta'
[0.153s] Level 1:colcon.colcon_core.package_identification:_identify(src/uros/micro-ROS-Agent) by extensions ['ros']
[0.153s] Level 1:colcon.colcon_core.package_identification:_identify(src/uros/micro-ROS-Agent) by extension 'ros'
[0.153s] Level 1:colcon.colcon_core.package_identification:_identify(src/uros/micro-ROS-Agent) by extensions ['cmake', 'python']
[0.153s] Level 1:colcon.colcon_core.package_identification:_identify(src/uros/micro-ROS-Agent) by extension 'cmake'
[0.153s] Level 1:colcon.colcon_core.package_identification:_identify(src/uros/micro-ROS-Agent) by extension 'python'
[0.153s] Level 1:colcon.colcon_core.package_identification:_identify(src/uros/micro-ROS-Agent) by extensions ['python_setup_py']
[0.153s] Level 1:colcon.colcon_core.package_identification:_identify(src/uros/micro-ROS-Agent) by extension 'python_setup_py'
[0.154s] Level 1:colcon.colcon_core.package_identification:_identify(src/uros/micro-ROS-Agent/micro_ros_agent) by extensions ['ignore', 'ignore_ament_install']
[0.154s] Level 1:colcon.colcon_core.package_identification:_identify(src/uros/micro-ROS-Agent/micro_ros_agent) by extension 'ignore'
[0.154s] Level 1:colcon.colcon_core.package_identification:_identify(src/uros/micro-ROS-Agent/micro_ros_agent) by extension 'ignore_ament_install'
[0.154s] Level 1:colcon.colcon_core.package_identification:_identify(src/uros/micro-ROS-Agent/micro_ros_agent) by extensions ['colcon_pkg']
[0.154s] Level 1:colcon.colcon_core.package_identification:_identify(src/uros/micro-ROS-Agent/micro_ros_agent) by extension 'colcon_pkg'
[0.154s] Level 1:colcon.colcon_core.package_identification:_identify(src/uros/micro-ROS-Agent/micro_ros_agent) by extensions ['colcon_meta']
[0.154s] Level 1:colcon.colcon_core.package_identification:_identify(src/uros/micro-ROS-Agent/micro_ros_agent) by extension 'colcon_meta'
[0.154s] Level 1:colcon.colcon_core.package_identification:_identify(src/uros/micro-ROS-Agent/micro_ros_agent) by extensions ['ros']
[0.154s] Level 1:colcon.colcon_core.package_identification:_identify(src/uros/micro-ROS-Agent/micro_ros_agent) by extension 'ros'
[0.155s] DEBUG:colcon.colcon_core.package_identification:Package 'src/uros/micro-ROS-Agent/micro_ros_agent' with type 'ros.ament_cmake' and name 'micro_ros_agent'
[0.155s] Level 1:colcon.colcon_core.package_identification:_identify(src/uros/micro-ROS-Agent/snap) by extensions ['ignore', 'ignore_ament_install']
[0.155s] Level 1:colcon.colcon_core.package_identification:_identify(src/uros/micro-ROS-Agent/snap) by extension 'ignore'
[0.155s] Level 1:colcon.colcon_core.package_identification:_identify(src/uros/micro-ROS-Agent/snap) by extension 'ignore_ament_install'
[0.155s] Level 1:colcon.colcon_core.package_identification:_identify(src/uros/micro-ROS-Agent/snap) by extensions ['colcon_pkg']
[0.155s] Level 1:colcon.colcon_core.package_identification:_identify(src/uros/micro-ROS-Agent/snap) by extension 'colcon_pkg'
[0.155s] Level 1:colcon.colcon_core.package_identification:_identify(src/uros/micro-ROS-Agent/snap) by extensions ['colcon_meta']
[0.155s] Level 1:colcon.colcon_core.package_identification:_identify(src/uros/micro-ROS-Agent/snap) by extension 'colcon_meta'
[0.155s] Level 1:colcon.colcon_core.package_identification:_identify(src/uros/micro-ROS-Agent/snap) by extensions ['ros']
[0.155s] Level 1:colcon.colcon_core.package_identification:_identify(src/uros/micro-ROS-Agent/snap) by extension 'ros'
[0.156s] Level 1:colcon.colcon_core.package_identification:_identify(src/uros/micro-ROS-Agent/snap) by extensions ['cmake', 'python']
[0.156s] Level 1:colcon.colcon_core.package_identification:_identify(src/uros/micro-ROS-Agent/snap) by extension 'cmake'
[0.156s] Level 1:colcon.colcon_core.package_identification:_identify(src/uros/micro-ROS-Agent/snap) by extension 'python'
[0.156s] Level 1:colcon.colcon_core.package_identification:_identify(src/uros/micro-ROS-Agent/snap) by extensions ['python_setup_py']
[0.156s] Level 1:colcon.colcon_core.package_identification:_identify(src/uros/micro-ROS-Agent/snap) by extension 'python_setup_py'
[0.156s] Level 1:colcon.colcon_core.package_identification:_identify(src/uros/micro-ROS-Agent/snap/hooks) by extensions ['ignore', 'ignore_ament_install']
[0.156s] Level 1:colcon.colcon_core.package_identification:_identify(src/uros/micro-ROS-Agent/snap/hooks) by extension 'ignore'
[0.156s] Level 1:colcon.colcon_core.package_identification:_identify(src/uros/micro-ROS-Agent/snap/hooks) by extension 'ignore_ament_install'
[0.156s] Level 1:colcon.colcon_core.package_identification:_identify(src/uros/micro-ROS-Agent/snap/hooks) by extensions ['colcon_pkg']
[0.156s] Level 1:colcon.colcon_core.package_identification:_identify(src/uros/micro-ROS-Agent/snap/hooks) by extension 'colcon_pkg'
[0.156s] Level 1:colcon.colcon_core.package_identification:_identify(src/uros/micro-ROS-Agent/snap/hooks) by extensions ['colcon_meta']
[0.156s] Level 1:colcon.colcon_core.package_identification:_identify(src/uros/micro-ROS-Agent/snap/hooks) by extension 'colcon_meta'
[0.156s] Level 1:colcon.colcon_core.package_identification:_identify(src/uros/micro-ROS-Agent/snap/hooks) by extensions ['ros']
[0.156s] Level 1:colcon.colcon_core.package_identification:_identify(src/uros/micro-ROS-Agent/snap/hooks) by extension 'ros'
[0.156s] Level 1:colcon.colcon_core.package_identification:_identify(src/uros/micro-ROS-Agent/snap/hooks) by extensions ['cmake', 'python']
[0.156s] Level 1:colcon.colcon_core.package_identification:_identify(src/uros/micro-ROS-Agent/snap/hooks) by extension 'cmake'
[0.156s] Level 1:colcon.colcon_core.package_identification:_identify(src/uros/micro-ROS-Agent/snap/hooks) by extension 'python'
[0.156s] Level 1:colcon.colcon_core.package_identification:_identify(src/uros/micro-ROS-Agent/snap/hooks) by extensions ['python_setup_py']
[0.156s] Level 1:colcon.colcon_core.package_identification:_identify(src/uros/micro-ROS-Agent/snap/hooks) by extension 'python_setup_py'
[0.156s] Level 1:colcon.colcon_core.package_identification:_identify(src/uros/micro-ROS-Agent/snap/local) by extensions ['ignore', 'ignore_ament_install']
[0.157s] Level 1:colcon.colcon_core.package_identification:_identify(src/uros/micro-ROS-Agent/snap/local) by extension 'ignore'
[0.157s] Level 1:colcon.colcon_core.package_identification:_identify(src/uros/micro-ROS-Agent/snap/local) by extension 'ignore_ament_install'
[0.157s] Level 1:colcon.colcon_core.package_identification:_identify(src/uros/micro-ROS-Agent/snap/local) by extensions ['colcon_pkg']
[0.157s] Level 1:colcon.colcon_core.package_identification:_identify(src/uros/micro-ROS-Agent/snap/local) by extension 'colcon_pkg'
[0.157s] Level 1:colcon.colcon_core.package_identification:_identify(src/uros/micro-ROS-Agent/snap/local) by extensions ['colcon_meta']
[0.157s] Level 1:colcon.colcon_core.package_identification:_identify(src/uros/micro-ROS-Agent/snap/local) by extension 'colcon_meta'
[0.157s] Level 1:colcon.colcon_core.package_identification:_identify(src/uros/micro-ROS-Agent/snap/local) by extensions ['ros']
[0.157s] Level 1:colcon.colcon_core.package_identification:_identify(src/uros/micro-ROS-Agent/snap/local) by extension 'ros'
[0.157s] Level 1:colcon.colcon_core.package_identification:_identify(src/uros/micro-ROS-Agent/snap/local) by extensions ['cmake', 'python']
[0.157s] Level 1:colcon.colcon_core.package_identification:_identify(src/uros/micro-ROS-Agent/snap/local) by extension 'cmake'
[0.157s] Level 1:colcon.colcon_core.package_identification:_identify(src/uros/micro-ROS-Agent/snap/local) by extension 'python'
[0.157s] Level 1:colcon.colcon_core.package_identification:_identify(src/uros/micro-ROS-Agent/snap/local) by extensions ['python_setup_py']
[0.157s] Level 1:colcon.colcon_core.package_identification:_identify(src/uros/micro-ROS-Agent/snap/local) by extension 'python_setup_py'
[0.157s] Level 1:colcon.colcon_core.package_identification:_identify(src/uros/micro_ros_msgs) by extensions ['ignore', 'ignore_ament_install']
[0.157s] Level 1:colcon.colcon_core.package_identification:_identify(src/uros/micro_ros_msgs) by extension 'ignore'
[0.157s] Level 1:colcon.colcon_core.package_identification:_identify(src/uros/micro_ros_msgs) by extension 'ignore_ament_install'
[0.157s] Level 1:colcon.colcon_core.package_identification:_identify(src/uros/micro_ros_msgs) by extensions ['colcon_pkg']
[0.157s] Level 1:colcon.colcon_core.package_identification:_identify(src/uros/micro_ros_msgs) by extension 'colcon_pkg'
[0.157s] Level 1:colcon.colcon_core.package_identification:_identify(src/uros/micro_ros_msgs) by extensions ['colcon_meta']
[0.157s] Level 1:colcon.colcon_core.package_identification:_identify(src/uros/micro_ros_msgs) by extension 'colcon_meta'
[0.158s] Level 1:colcon.colcon_core.package_identification:_identify(src/uros/micro_ros_msgs) by extensions ['ros']
[0.158s] Level 1:colcon.colcon_core.package_identification:_identify(src/uros/micro_ros_msgs) by extension 'ros'
[0.158s] DEBUG:colcon.colcon_core.package_identification:Package 'src/uros/micro_ros_msgs' with type 'ros.ament_cmake' and name 'micro_ros_msgs'
[0.158s] Level 1:colcon.colcon_core.package_discovery:discover_packages(recursive) using defaults
[0.158s] Level 1:colcon.colcon_core.package_discovery:discover_packages(ignore) discover
[0.158s] Level 1:colcon.colcon_core.package_discovery:discover_packages(ignore) using defaults
[0.158s] Level 1:colcon.colcon_core.package_discovery:discover_packages(path) discover
[0.158s] Level 1:colcon.colcon_core.package_discovery:discover_packages(path) using defaults
[0.174s] INFO:colcon.colcon_core.package_selection:Skipping package 'micro_ros_setup' in 'src/micro_ros_setup'
[0.174s] INFO:colcon.colcon_core.package_selection:Skipping package 'drive_base_msgs' in 'src/uros/drive_base/drive_base_msgs'
[0.175s] Level 1:colcon.colcon_core.package_discovery:discover_packages(prefix_path) check parameters
[0.175s] Level 1:colcon.colcon_core.package_discovery:discover_packages(prefix_path) discover
[0.176s] DEBUG:colcon.colcon_installed_package_information.package_discovery:Found 1 installed packages in /home/angelo/Documents/repos/ackermann_ros2/uros_ws/install
[0.177s] DEBUG:colcon.colcon_installed_package_information.package_discovery:Found 314 installed packages in /opt/ros/iron
[0.179s] Level 1:colcon.colcon_core.package_discovery:discover_packages(prefix_path) using defaults
[0.214s] Level 5:colcon.colcon_core.verb:set package 'micro_ros_msgs' build argument 'cmake_args' from command line to '['-DUAGENT_BUILD_EXECUTABLE=OFF', '-DUAGENT_P2P_PROFILE=OFF', '--no-warn-unused-cli']'
[0.214s] Level 5:colcon.colcon_core.verb:set package 'micro_ros_msgs' build argument 'cmake_target' from command line to 'None'
[0.214s] Level 5:colcon.colcon_core.verb:set package 'micro_ros_msgs' build argument 'cmake_target_skip_unavailable' from command line to 'False'
[0.214s] Level 5:colcon.colcon_core.verb:set package 'micro_ros_msgs' build argument 'cmake_clean_cache' from command line to 'False'
[0.214s] Level 5:colcon.colcon_core.verb:set package 'micro_ros_msgs' build argument 'cmake_clean_first' from command line to 'False'
[0.214s] Level 5:colcon.colcon_core.verb:set package 'micro_ros_msgs' build argument 'cmake_force_configure' from command line to 'False'
[0.214s] Level 5:colcon.colcon_core.verb:set package 'micro_ros_msgs' build argument 'ament_cmake_args' from command line to 'None'
[0.215s] Level 5:colcon.colcon_core.verb:set package 'micro_ros_msgs' build argument 'catkin_cmake_args' from command line to 'None'
[0.215s] Level 5:colcon.colcon_core.verb:set package 'micro_ros_msgs' build argument 'catkin_skip_building_tests' from command line to 'False'
[0.215s] DEBUG:colcon.colcon_core.verb:Building package 'micro_ros_msgs' with the following arguments: {'ament_cmake_args': None, 'build_base': '/home/angelo/Documents/repos/ackermann_ros2/uros_ws/build/micro_ros_msgs', 'catkin_cmake_args': None, 'catkin_skip_building_tests': False, 'cmake_args': ['-DUAGENT_BUILD_EXECUTABLE=OFF', '-DUAGENT_P2P_PROFILE=OFF', '--no-warn-unused-cli'], 'cmake_clean_cache': False, 'cmake_clean_first': False, 'cmake_force_configure': False, 'cmake_target': None, 'cmake_target_skip_unavailable': False, 'install_base': '/home/angelo/Documents/repos/ackermann_ros2/uros_ws/install/micro_ros_msgs', 'merge_install': False, 'path': '/home/angelo/Documents/repos/ackermann_ros2/uros_ws/src/uros/micro_ros_msgs', 'symlink_install': False, 'test_result_base': None}
[0.215s] Level 5:colcon.colcon_core.verb:set package 'micro_ros_agent' build argument 'cmake_args' from command line to '['-DUAGENT_BUILD_EXECUTABLE=OFF', '-DUAGENT_P2P_PROFILE=OFF', '--no-warn-unused-cli']'
[0.215s] Level 5:colcon.colcon_core.verb:set package 'micro_ros_agent' build argument 'cmake_target' from command line to 'None'
[0.215s] Level 5:colcon.colcon_core.verb:set package 'micro_ros_agent' build argument 'cmake_target_skip_unavailable' from command line to 'False'
[0.215s] Level 5:colcon.colcon_core.verb:set package 'micro_ros_agent' build argument 'cmake_clean_cache' from command line to 'False'
[0.215s] Level 5:colcon.colcon_core.verb:set package 'micro_ros_agent' build argument 'cmake_clean_first' from command line to 'False'
[0.215s] Level 5:colcon.colcon_core.verb:set package 'micro_ros_agent' build argument 'cmake_force_configure' from command line to 'False'
[0.215s] Level 5:colcon.colcon_core.verb:set package 'micro_ros_agent' build argument 'ament_cmake_args' from command line to 'None'
[0.215s] Level 5:colcon.colcon_core.verb:set package 'micro_ros_agent' build argument 'catkin_cmake_args' from command line to 'None'
[0.215s] Level 5:colcon.colcon_core.verb:set package 'micro_ros_agent' build argument 'catkin_skip_building_tests' from command line to 'False'
[0.215s] DEBUG:colcon.colcon_core.verb:Building package 'micro_ros_agent' with the following arguments: {'ament_cmake_args': None, 'build_base': '/home/angelo/Documents/repos/ackermann_ros2/uros_ws/build/micro_ros_agent', 'catkin_cmake_args': None, 'catkin_skip_building_tests': False, 'cmake_args': ['-DUAGENT_BUILD_EXECUTABLE=OFF', '-DUAGENT_P2P_PROFILE=OFF', '--no-warn-unused-cli'], 'cmake_clean_cache': False, 'cmake_clean_first': False, 'cmake_force_configure': False, 'cmake_target': None, 'cmake_target_skip_unavailable': False, 'install_base': '/home/angelo/Documents/repos/ackermann_ros2/uros_ws/install/micro_ros_agent', 'merge_install': False, 'path': '/home/angelo/Documents/repos/ackermann_ros2/uros_ws/src/uros/micro-ROS-Agent/micro_ros_agent', 'symlink_install': False, 'test_result_base': None}
[0.215s] INFO:colcon.colcon_core.executor:Executing jobs using 'parallel' executor
[0.217s] DEBUG:colcon.colcon_parallel_executor.executor.parallel:run_until_complete
[0.217s] INFO:colcon.colcon_ros.task.ament_cmake.build:Building ROS package in '/home/angelo/Documents/repos/ackermann_ros2/uros_ws/src/uros/micro_ros_msgs' with build type 'ament_cmake'
[0.217s] INFO:colcon.colcon_cmake.task.cmake.build:Building CMake package in '/home/angelo/Documents/repos/ackermann_ros2/uros_ws/src/uros/micro_ros_msgs'
[0.219s] INFO:colcon.colcon_core.plugin_system:Skipping extension 'colcon_core.shell.bat': Not used on non-Windows systems
[0.219s] INFO:colcon.colcon_core.shell:Skip shell extension 'powershell' for command environment: Not usable outside of PowerShell
[0.219s] DEBUG:colcon.colcon_core.shell:Skip shell extension 'dsv' for command environment
[0.229s] DEBUG:colcon.colcon_core.event_handler.log_command:Invoking command in '/home/angelo/Documents/repos/ackermann_ros2/uros_ws/build/micro_ros_msgs': CMAKE_PREFIX_PATH=${CMAKE_PREFIX_PATH}:/opt/ros/iron /usr/bin/cmake /home/angelo/Documents/repos/ackermann_ros2/uros_ws/src/uros/micro_ros_msgs -DUAGENT_BUILD_EXECUTABLE=OFF -DUAGENT_P2P_PROFILE=OFF --no-warn-unused-cli -DCMAKE_INSTALL_PREFIX=/home/angelo/Documents/repos/ackermann_ros2/uros_ws/install/micro_ros_msgs
[1.956s] DEBUG:colcon.colcon_core.event_handler.log_command:Invoked command in '/home/angelo/Documents/repos/ackermann_ros2/uros_ws/build/micro_ros_msgs' returned '0': CMAKE_PREFIX_PATH=${CMAKE_PREFIX_PATH}:/opt/ros/iron /usr/bin/cmake /home/angelo/Documents/repos/ackermann_ros2/uros_ws/src/uros/micro_ros_msgs -DUAGENT_BUILD_EXECUTABLE=OFF -DUAGENT_P2P_PROFILE=OFF --no-warn-unused-cli -DCMAKE_INSTALL_PREFIX=/home/angelo/Documents/repos/ackermann_ros2/uros_ws/install/micro_ros_msgs
[1.958s] DEBUG:colcon.colcon_core.event_handler.log_command:Invoking command in '/home/angelo/Documents/repos/ackermann_ros2/uros_ws/build/micro_ros_msgs': CMAKE_PREFIX_PATH=${CMAKE_PREFIX_PATH}:/opt/ros/iron /usr/bin/cmake --build /home/angelo/Documents/repos/ackermann_ros2/uros_ws/build/micro_ros_msgs -- -j8 -l8
[6.085s] DEBUG:colcon.colcon_core.event_handler.log_command:Invoked command in '/home/angelo/Documents/repos/ackermann_ros2/uros_ws/build/micro_ros_msgs' returned '0': CMAKE_PREFIX_PATH=${CMAKE_PREFIX_PATH}:/opt/ros/iron /usr/bin/cmake --build /home/angelo/Documents/repos/ackermann_ros2/uros_ws/build/micro_ros_msgs -- -j8 -l8
[6.519s] DEBUG:colcon.colcon_core.event_handler.log_command:Invoking command in '/home/angelo/Documents/repos/ackermann_ros2/uros_ws/build/micro_ros_msgs': CMAKE_PREFIX_PATH=${CMAKE_PREFIX_PATH}:/opt/ros/iron /usr/bin/cmake --install /home/angelo/Documents/repos/ackermann_ros2/uros_ws/build/micro_ros_msgs
[6.600s] Level 1:colcon.colcon_core.environment:create_environment_scripts_only(micro_ros_msgs)
[6.600s] DEBUG:colcon.colcon_core.event_handler.log_command:Invoked command in '/home/angelo/Documents/repos/ackermann_ros2/uros_ws/build/micro_ros_msgs' returned '0': CMAKE_PREFIX_PATH=${CMAKE_PREFIX_PATH}:/opt/ros/iron /usr/bin/cmake --install /home/angelo/Documents/repos/ackermann_ros2/uros_ws/build/micro_ros_msgs
[6.603s] Level 1:colcon.colcon_core.environment:checking '/home/angelo/Documents/repos/ackermann_ros2/uros_ws/install/micro_ros_msgs' for CMake module files
[6.603s] Level 1:colcon.colcon_core.environment:checking '/home/angelo/Documents/repos/ackermann_ros2/uros_ws/install/micro_ros_msgs' for CMake config files
[6.604s] Level 1:colcon.colcon_core.shell:create_environment_hook('micro_ros_msgs', 'cmake_prefix_path')
[6.604s] INFO:colcon.colcon_core.shell:Creating environment hook '/home/angelo/Documents/repos/ackermann_ros2/uros_ws/install/micro_ros_msgs/share/micro_ros_msgs/hook/cmake_prefix_path.ps1'
[6.614s] INFO:colcon.colcon_core.shell:Creating environment descriptor '/home/angelo/Documents/repos/ackermann_ros2/uros_ws/install/micro_ros_msgs/share/micro_ros_msgs/hook/cmake_prefix_path.dsv'
[6.615s] INFO:colcon.colcon_core.shell:Creating environment hook '/home/angelo/Documents/repos/ackermann_ros2/uros_ws/install/micro_ros_msgs/share/micro_ros_msgs/hook/cmake_prefix_path.sh'
[6.616s] Level 1:colcon.colcon_core.environment:checking '/home/angelo/Documents/repos/ackermann_ros2/uros_ws/install/micro_ros_msgs/lib'
[6.616s] Level 1:colcon.colcon_core.shell:create_environment_hook('micro_ros_msgs', 'ld_library_path_lib')
[6.616s] INFO:colcon.colcon_core.shell:Creating environment hook '/home/angelo/Documents/repos/ackermann_ros2/uros_ws/install/micro_ros_msgs/share/micro_ros_msgs/hook/ld_library_path_lib.ps1'
[6.616s] INFO:colcon.colcon_core.shell:Creating environment descriptor '/home/angelo/Documents/repos/ackermann_ros2/uros_ws/install/micro_ros_msgs/share/micro_ros_msgs/hook/ld_library_path_lib.dsv'
[6.617s] INFO:colcon.colcon_core.shell:Creating environment hook '/home/angelo/Documents/repos/ackermann_ros2/uros_ws/install/micro_ros_msgs/share/micro_ros_msgs/hook/ld_library_path_lib.sh'
[6.617s] Level 1:colcon.colcon_core.environment:checking '/home/angelo/Documents/repos/ackermann_ros2/uros_ws/install/micro_ros_msgs/bin'
[6.617s] Level 1:colcon.colcon_core.environment:checking '/home/angelo/Documents/repos/ackermann_ros2/uros_ws/install/micro_ros_msgs/lib/pkgconfig/micro_ros_msgs.pc'
[6.617s] Level 1:colcon.colcon_core.environment:checking '/home/angelo/Documents/repos/ackermann_ros2/uros_ws/install/micro_ros_msgs/lib/python3.10/site-packages'
[6.617s] Level 1:colcon.colcon_core.shell:create_environment_hook('micro_ros_msgs', 'pythonpath')
[6.618s] INFO:colcon.colcon_core.shell:Creating environment hook '/home/angelo/Documents/repos/ackermann_ros2/uros_ws/install/micro_ros_msgs/share/micro_ros_msgs/hook/pythonpath.ps1'
[6.618s] INFO:colcon.colcon_core.shell:Creating environment descriptor '/home/angelo/Documents/repos/ackermann_ros2/uros_ws/install/micro_ros_msgs/share/micro_ros_msgs/hook/pythonpath.dsv'
[6.618s] INFO:colcon.colcon_core.shell:Creating environment hook '/home/angelo/Documents/repos/ackermann_ros2/uros_ws/install/micro_ros_msgs/share/micro_ros_msgs/hook/pythonpath.sh'
[6.618s] Level 1:colcon.colcon_core.environment:checking '/home/angelo/Documents/repos/ackermann_ros2/uros_ws/install/micro_ros_msgs/bin'
[6.619s] INFO:colcon.colcon_core.shell:Creating package script '/home/angelo/Documents/repos/ackermann_ros2/uros_ws/install/micro_ros_msgs/share/micro_ros_msgs/package.ps1'
[6.619s] INFO:colcon.colcon_core.shell:Creating package descriptor '/home/angelo/Documents/repos/ackermann_ros2/uros_ws/install/micro_ros_msgs/share/micro_ros_msgs/package.dsv'
[6.620s] INFO:colcon.colcon_core.shell:Creating package script '/home/angelo/Documents/repos/ackermann_ros2/uros_ws/install/micro_ros_msgs/share/micro_ros_msgs/package.sh'
[6.621s] INFO:colcon.colcon_core.shell:Creating package script '/home/angelo/Documents/repos/ackermann_ros2/uros_ws/install/micro_ros_msgs/share/micro_ros_msgs/package.bash'
[6.621s] INFO:colcon.colcon_core.shell:Creating package script '/home/angelo/Documents/repos/ackermann_ros2/uros_ws/install/micro_ros_msgs/share/micro_ros_msgs/package.zsh'
[6.622s] Level 1:colcon.colcon_core.environment:create_file_with_runtime_dependencies(/home/angelo/Documents/repos/ackermann_ros2/uros_ws/install/micro_ros_msgs/share/colcon-core/packages/micro_ros_msgs)
[7.092s] Level 1:colcon.colcon_core.environment:create_environment_scripts_only(micro_ros_msgs)
[7.092s] Level 1:colcon.colcon_core.environment:checking '/home/angelo/Documents/repos/ackermann_ros2/uros_ws/install/micro_ros_msgs' for CMake module files
[7.093s] Level 1:colcon.colcon_core.environment:checking '/home/angelo/Documents/repos/ackermann_ros2/uros_ws/install/micro_ros_msgs' for CMake config files
[7.094s] Level 1:colcon.colcon_core.shell:create_environment_hook('micro_ros_msgs', 'cmake_prefix_path')
[7.094s] INFO:colcon.colcon_core.shell:Creating environment hook '/home/angelo/Documents/repos/ackermann_ros2/uros_ws/install/micro_ros_msgs/share/micro_ros_msgs/hook/cmake_prefix_path.ps1'
[7.095s] INFO:colcon.colcon_core.shell:Creating environment descriptor '/home/angelo/Documents/repos/ackermann_ros2/uros_ws/install/micro_ros_msgs/share/micro_ros_msgs/hook/cmake_prefix_path.dsv'
[7.095s] INFO:colcon.colcon_core.shell:Creating environment hook '/home/angelo/Documents/repos/ackermann_ros2/uros_ws/install/micro_ros_msgs/share/micro_ros_msgs/hook/cmake_prefix_path.sh'
[7.096s] Level 1:colcon.colcon_core.environment:checking '/home/angelo/Documents/repos/ackermann_ros2/uros_ws/install/micro_ros_msgs/lib'
[7.097s] Level 1:colcon.colcon_core.shell:create_environment_hook('micro_ros_msgs', 'ld_library_path_lib')
[7.097s] INFO:colcon.colcon_core.shell:Creating environment hook '/home/angelo/Documents/repos/ackermann_ros2/uros_ws/install/micro_ros_msgs/share/micro_ros_msgs/hook/ld_library_path_lib.ps1'
[7.098s] INFO:colcon.colcon_core.shell:Creating environment descriptor '/home/angelo/Documents/repos/ackermann_ros2/uros_ws/install/micro_ros_msgs/share/micro_ros_msgs/hook/ld_library_path_lib.dsv'
[7.098s] INFO:colcon.colcon_core.shell:Creating environment hook '/home/angelo/Documents/repos/ackermann_ros2/uros_ws/install/micro_ros_msgs/share/micro_ros_msgs/hook/ld_library_path_lib.sh'
[7.099s] Level 1:colcon.colcon_core.environment:checking '/home/angelo/Documents/repos/ackermann_ros2/uros_ws/install/micro_ros_msgs/bin'
[7.099s] Level 1:colcon.colcon_core.environment:checking '/home/angelo/Documents/repos/ackermann_ros2/uros_ws/install/micro_ros_msgs/lib/pkgconfig/micro_ros_msgs.pc'
[7.100s] Level 1:colcon.colcon_core.environment:checking '/home/angelo/Documents/repos/ackermann_ros2/uros_ws/install/micro_ros_msgs/lib/python3.10/site-packages'
[7.100s] Level 1:colcon.colcon_core.shell:create_environment_hook('micro_ros_msgs', 'pythonpath')
[7.101s] INFO:colcon.colcon_core.shell:Creating environment hook '/home/angelo/Documents/repos/ackermann_ros2/uros_ws/install/micro_ros_msgs/share/micro_ros_msgs/hook/pythonpath.ps1'
[7.101s] INFO:colcon.colcon_core.shell:Creating environment descriptor '/home/angelo/Documents/repos/ackermann_ros2/uros_ws/install/micro_ros_msgs/share/micro_ros_msgs/hook/pythonpath.dsv'
[7.102s] INFO:colcon.colcon_core.shell:Creating environment hook '/home/angelo/Documents/repos/ackermann_ros2/uros_ws/install/micro_ros_msgs/share/micro_ros_msgs/hook/pythonpath.sh'
[7.103s] Level 1:colcon.colcon_core.environment:checking '/home/angelo/Documents/repos/ackermann_ros2/uros_ws/install/micro_ros_msgs/bin'
[7.103s] INFO:colcon.colcon_core.shell:Creating package script '/home/angelo/Documents/repos/ackermann_ros2/uros_ws/install/micro_ros_msgs/share/micro_ros_msgs/package.ps1'
[7.104s] INFO:colcon.colcon_core.shell:Creating package descriptor '/home/angelo/Documents/repos/ackermann_ros2/uros_ws/install/micro_ros_msgs/share/micro_ros_msgs/package.dsv'
[7.105s] INFO:colcon.colcon_core.shell:Creating package script '/home/angelo/Documents/repos/ackermann_ros2/uros_ws/install/micro_ros_msgs/share/micro_ros_msgs/package.sh'
[7.106s] INFO:colcon.colcon_core.shell:Creating package script '/home/angelo/Documents/repos/ackermann_ros2/uros_ws/install/micro_ros_msgs/share/micro_ros_msgs/package.bash'
[7.106s] INFO:colcon.colcon_core.shell:Creating package script '/home/angelo/Documents/repos/ackermann_ros2/uros_ws/install/micro_ros_msgs/share/micro_ros_msgs/package.zsh'
[7.106s] Level 1:colcon.colcon_core.environment:create_file_with_runtime_dependencies(/home/angelo/Documents/repos/ackermann_ros2/uros_ws/install/micro_ros_msgs/share/colcon-core/packages/micro_ros_msgs)
[7.107s] INFO:colcon.colcon_ros.task.ament_cmake.build:Building ROS package in '/home/angelo/Documents/repos/ackermann_ros2/uros_ws/src/uros/micro-ROS-Agent/micro_ros_agent' with build type 'ament_cmake'
[7.107s] INFO:colcon.colcon_cmake.task.cmake.build:Building CMake package in '/home/angelo/Documents/repos/ackermann_ros2/uros_ws/src/uros/micro-ROS-Agent/micro_ros_agent'
[7.107s] INFO:colcon.colcon_core.shell:Skip shell extension 'powershell' for command environment: Not usable outside of PowerShell
[7.107s] DEBUG:colcon.colcon_core.shell:Skip shell extension 'dsv' for command environment
[7.123s] DEBUG:colcon.colcon_core.event_handler.log_command:Invoking command in '/home/angelo/Documents/repos/ackermann_ros2/uros_ws/build/micro_ros_agent': AMENT_PREFIX_PATH=/home/angelo/Documents/repos/ackermann_ros2/uros_ws/install/micro_ros_msgs:${AMENT_PREFIX_PATH} CMAKE_PREFIX_PATH=/home/angelo/Documents/repos/ackermann_ros2/uros_ws/install/micro_ros_msgs:/home/angelo/Documents/repos/ackermann_ros2/uros_ws/install/micro_ros_setup:/opt/ros/iron LD_LIBRARY_PATH=/home/angelo/Documents/repos/ackermann_ros2/uros_ws/install/micro_ros_msgs/lib:${LD_LIBRARY_PATH} PYTHONPATH=/home/angelo/Documents/repos/ackermann_ros2/uros_ws/install/micro_ros_msgs/lib/python3.10/site-packages:${PYTHONPATH} /usr/bin/cmake /home/angelo/Documents/repos/ackermann_ros2/uros_ws/src/uros/micro-ROS-Agent/micro_ros_agent -DUAGENT_BUILD_EXECUTABLE=OFF -DUAGENT_P2P_PROFILE=OFF --no-warn-unused-cli -DCMAKE_INSTALL_PREFIX=/home/angelo/Documents/repos/ackermann_ros2/uros_ws/install/micro_ros_agent
[7.536s] DEBUG:colcon.colcon_core.event_handler.log_command:Invoked command in '/home/angelo/Documents/repos/ackermann_ros2/uros_ws/build/micro_ros_agent' returned '0': AMENT_PREFIX_PATH=/home/angelo/Documents/repos/ackermann_ros2/uros_ws/install/micro_ros_msgs:${AMENT_PREFIX_PATH} CMAKE_PREFIX_PATH=/home/angelo/Documents/repos/ackermann_ros2/uros_ws/install/micro_ros_msgs:/home/angelo/Documents/repos/ackermann_ros2/uros_ws/install/micro_ros_setup:/opt/ros/iron LD_LIBRARY_PATH=/home/angelo/Documents/repos/ackermann_ros2/uros_ws/install/micro_ros_msgs/lib:${LD_LIBRARY_PATH} PYTHONPATH=/home/angelo/Documents/repos/ackermann_ros2/uros_ws/install/micro_ros_msgs/lib/python3.10/site-packages:${PYTHONPATH} /usr/bin/cmake /home/angelo/Documents/repos/ackermann_ros2/uros_ws/src/uros/micro-ROS-Agent/micro_ros_agent -DUAGENT_BUILD_EXECUTABLE=OFF -DUAGENT_P2P_PROFILE=OFF --no-warn-unused-cli -DCMAKE_INSTALL_PREFIX=/home/angelo/Documents/repos/ackermann_ros2/uros_ws/install/micro_ros_agent
[7.537s] DEBUG:colcon.colcon_core.event_handler.log_command:Invoking command in '/home/angelo/Documents/repos/ackermann_ros2/uros_ws/build/micro_ros_agent': AMENT_PREFIX_PATH=/home/angelo/Documents/repos/ackermann_ros2/uros_ws/install/micro_ros_msgs:${AMENT_PREFIX_PATH} CMAKE_PREFIX_PATH=/home/angelo/Documents/repos/ackermann_ros2/uros_ws/install/micro_ros_msgs:/home/angelo/Documents/repos/ackermann_ros2/uros_ws/install/micro_ros_setup:/opt/ros/iron LD_LIBRARY_PATH=/home/angelo/Documents/repos/ackermann_ros2/uros_ws/install/micro_ros_msgs/lib:${LD_LIBRARY_PATH} PYTHONPATH=/home/angelo/Documents/repos/ackermann_ros2/uros_ws/install/micro_ros_msgs/lib/python3.10/site-packages:${PYTHONPATH} /usr/bin/cmake --build /home/angelo/Documents/repos/ackermann_ros2/uros_ws/build/micro_ros_agent -- -j8 -l8
[61.971s] DEBUG:colcon.colcon_core.event_handler.log_command:Invoked command in '/home/angelo/Documents/repos/ackermann_ros2/uros_ws/build/micro_ros_agent' returned '0': AMENT_PREFIX_PATH=/home/angelo/Documents/repos/ackermann_ros2/uros_ws/install/micro_ros_msgs:${AMENT_PREFIX_PATH} CMAKE_PREFIX_PATH=/home/angelo/Documents/repos/ackermann_ros2/uros_ws/install/micro_ros_msgs:/home/angelo/Documents/repos/ackermann_ros2/uros_ws/install/micro_ros_setup:/opt/ros/iron LD_LIBRARY_PATH=/home/angelo/Documents/repos/ackermann_ros2/uros_ws/install/micro_ros_msgs/lib:${LD_LIBRARY_PATH} PYTHONPATH=/home/angelo/Documents/repos/ackermann_ros2/uros_ws/install/micro_ros_msgs/lib/python3.10/site-packages:${PYTHONPATH} /usr/bin/cmake --build /home/angelo/Documents/repos/ackermann_ros2/uros_ws/build/micro_ros_agent -- -j8 -l8
[62.090s] DEBUG:colcon.colcon_core.event_handler.log_command:Invoking command in '/home/angelo/Documents/repos/ackermann_ros2/uros_ws/build/micro_ros_agent': AMENT_PREFIX_PATH=/home/angelo/Documents/repos/ackermann_ros2/uros_ws/install/micro_ros_msgs:${AMENT_PREFIX_PATH} CMAKE_PREFIX_PATH=/home/angelo/Documents/repos/ackermann_ros2/uros_ws/install/micro_ros_msgs:/home/angelo/Documents/repos/ackermann_ros2/uros_ws/install/micro_ros_setup:/opt/ros/iron LD_LIBRARY_PATH=/home/angelo/Documents/repos/ackermann_ros2/uros_ws/install/micro_ros_msgs/lib:${LD_LIBRARY_PATH} PYTHONPATH=/home/angelo/Documents/repos/ackermann_ros2/uros_ws/install/micro_ros_msgs/lib/python3.10/site-packages:${PYTHONPATH} /usr/bin/cmake --install /home/angelo/Documents/repos/ackermann_ros2/uros_ws/build/micro_ros_agent
[62.107s] Level 1:colcon.colcon_core.environment:create_environment_scripts_only(micro_ros_agent)
[62.107s] Level 1:colcon.colcon_core.environment:checking '/home/angelo/Documents/repos/ackermann_ros2/uros_ws/install/micro_ros_agent' for CMake module files
[62.108s] DEBUG:colcon.colcon_core.event_handler.log_command:Invoked command in '/home/angelo/Documents/repos/ackermann_ros2/uros_ws/build/micro_ros_agent' returned '0': AMENT_PREFIX_PATH=/home/angelo/Documents/repos/ackermann_ros2/uros_ws/install/micro_ros_msgs:${AMENT_PREFIX_PATH} CMAKE_PREFIX_PATH=/home/angelo/Documents/repos/ackermann_ros2/uros_ws/install/micro_ros_msgs:/home/angelo/Documents/repos/ackermann_ros2/uros_ws/install/micro_ros_setup:/opt/ros/iron LD_LIBRARY_PATH=/home/angelo/Documents/repos/ackermann_ros2/uros_ws/install/micro_ros_msgs/lib:${LD_LIBRARY_PATH} PYTHONPATH=/home/angelo/Documents/repos/ackermann_ros2/uros_ws/install/micro_ros_msgs/lib/python3.10/site-packages:${PYTHONPATH} /usr/bin/cmake --install /home/angelo/Documents/repos/ackermann_ros2/uros_ws/build/micro_ros_agent
[62.108s] Level 1:colcon.colcon_core.environment:checking '/home/angelo/Documents/repos/ackermann_ros2/uros_ws/install/micro_ros_agent' for CMake config files
[62.108s] Level 1:colcon.colcon_core.shell:create_environment_hook('micro_ros_agent', 'cmake_prefix_path')
[62.108s] INFO:colcon.colcon_core.shell:Creating environment hook '/home/angelo/Documents/repos/ackermann_ros2/uros_ws/install/micro_ros_agent/share/micro_ros_agent/hook/cmake_prefix_path.ps1'
[62.109s] INFO:colcon.colcon_core.shell:Creating environment descriptor '/home/angelo/Documents/repos/ackermann_ros2/uros_ws/install/micro_ros_agent/share/micro_ros_agent/hook/cmake_prefix_path.dsv'
[62.109s] INFO:colcon.colcon_core.shell:Creating environment hook '/home/angelo/Documents/repos/ackermann_ros2/uros_ws/install/micro_ros_agent/share/micro_ros_agent/hook/cmake_prefix_path.sh'
[62.109s] Level 1:colcon.colcon_core.environment:checking '/home/angelo/Documents/repos/ackermann_ros2/uros_ws/install/micro_ros_agent/lib'
[62.109s] Level 1:colcon.colcon_core.shell:create_environment_hook('micro_ros_agent', 'ld_library_path_lib')
[62.110s] INFO:colcon.colcon_core.shell:Creating environment hook '/home/angelo/Documents/repos/ackermann_ros2/uros_ws/install/micro_ros_agent/share/micro_ros_agent/hook/ld_library_path_lib.ps1'
[62.110s] INFO:colcon.colcon_core.shell:Creating environment descriptor '/home/angelo/Documents/repos/ackermann_ros2/uros_ws/install/micro_ros_agent/share/micro_ros_agent/hook/ld_library_path_lib.dsv'
[62.110s] INFO:colcon.colcon_core.shell:Creating environment hook '/home/angelo/Documents/repos/ackermann_ros2/uros_ws/install/micro_ros_agent/share/micro_ros_agent/hook/ld_library_path_lib.sh'
[62.110s] Level 1:colcon.colcon_core.environment:checking '/home/angelo/Documents/repos/ackermann_ros2/uros_ws/install/micro_ros_agent/bin'
[62.110s] Level 1:colcon.colcon_core.environment:checking '/home/angelo/Documents/repos/ackermann_ros2/uros_ws/install/micro_ros_agent/lib/pkgconfig/micro_ros_agent.pc'
[62.111s] Level 1:colcon.colcon_core.environment:checking '/home/angelo/Documents/repos/ackermann_ros2/uros_ws/install/micro_ros_agent/lib/python3.10/site-packages'
[62.111s] Level 1:colcon.colcon_core.environment:checking '/home/angelo/Documents/repos/ackermann_ros2/uros_ws/install/micro_ros_agent/bin'
[62.111s] INFO:colcon.colcon_core.shell:Creating package script '/home/angelo/Documents/repos/ackermann_ros2/uros_ws/install/micro_ros_agent/share/micro_ros_agent/package.ps1'
[62.111s] INFO:colcon.colcon_core.shell:Creating package descriptor '/home/angelo/Documents/repos/ackermann_ros2/uros_ws/install/micro_ros_agent/share/micro_ros_agent/package.dsv'
[62.112s] INFO:colcon.colcon_core.shell:Creating package script '/home/angelo/Documents/repos/ackermann_ros2/uros_ws/install/micro_ros_agent/share/micro_ros_agent/package.sh'
[62.112s] INFO:colcon.colcon_core.shell:Creating package script '/home/angelo/Documents/repos/ackermann_ros2/uros_ws/install/micro_ros_agent/share/micro_ros_agent/package.bash'
[62.112s] INFO:colcon.colcon_core.shell:Creating package script '/home/angelo/Documents/repos/ackermann_ros2/uros_ws/install/micro_ros_agent/share/micro_ros_agent/package.zsh'
[62.113s] Level 1:colcon.colcon_core.environment:create_file_with_runtime_dependencies(/home/angelo/Documents/repos/ackermann_ros2/uros_ws/install/micro_ros_agent/share/colcon-core/packages/micro_ros_agent)
[62.226s] Level 1:colcon.colcon_core.environment:create_environment_scripts_only(micro_ros_agent)
[62.226s] Level 1:colcon.colcon_core.environment:checking '/home/angelo/Documents/repos/ackermann_ros2/uros_ws/install/micro_ros_agent' for CMake module files
[62.227s] Level 1:colcon.colcon_core.environment:checking '/home/angelo/Documents/repos/ackermann_ros2/uros_ws/install/micro_ros_agent' for CMake config files
[62.228s] Level 1:colcon.colcon_core.shell:create_environment_hook('micro_ros_agent', 'cmake_prefix_path')
[62.228s] INFO:colcon.colcon_core.shell:Creating environment hook '/home/angelo/Documents/repos/ackermann_ros2/uros_ws/install/micro_ros_agent/share/micro_ros_agent/hook/cmake_prefix_path.ps1'
[62.229s] INFO:colcon.colcon_core.shell:Creating environment descriptor '/home/angelo/Documents/repos/ackermann_ros2/uros_ws/install/micro_ros_agent/share/micro_ros_agent/hook/cmake_prefix_path.dsv'
[62.229s] INFO:colcon.colcon_core.shell:Creating environment hook '/home/angelo/Documents/repos/ackermann_ros2/uros_ws/install/micro_ros_agent/share/micro_ros_agent/hook/cmake_prefix_path.sh'
[62.230s] Level 1:colcon.colcon_core.environment:checking '/home/angelo/Documents/repos/ackermann_ros2/uros_ws/install/micro_ros_agent/lib'
[62.230s] Level 1:colcon.colcon_core.shell:create_environment_hook('micro_ros_agent', 'ld_library_path_lib')
[62.231s] INFO:colcon.colcon_core.shell:Creating environment hook '/home/angelo/Documents/repos/ackermann_ros2/uros_ws/install/micro_ros_agent/share/micro_ros_agent/hook/ld_library_path_lib.ps1'
[62.231s] INFO:colcon.colcon_core.shell:Creating environment descriptor '/home/angelo/Documents/repos/ackermann_ros2/uros_ws/install/micro_ros_agent/share/micro_ros_agent/hook/ld_library_path_lib.dsv'
[62.232s] INFO:colcon.colcon_core.shell:Creating environment hook '/home/angelo/Documents/repos/ackermann_ros2/uros_ws/install/micro_ros_agent/share/micro_ros_agent/hook/ld_library_path_lib.sh'
[62.232s] Level 1:colcon.colcon_core.environment:checking '/home/angelo/Documents/repos/ackermann_ros2/uros_ws/install/micro_ros_agent/bin'
[62.233s] Level 1:colcon.colcon_core.environment:checking '/home/angelo/Documents/repos/ackermann_ros2/uros_ws/install/micro_ros_agent/lib/pkgconfig/micro_ros_agent.pc'
[62.234s] Level 1:colcon.colcon_core.environment:checking '/home/angelo/Documents/repos/ackermann_ros2/uros_ws/install/micro_ros_agent/lib/python3.10/site-packages'
[62.234s] Level 1:colcon.colcon_core.environment:checking '/home/angelo/Documents/repos/ackermann_ros2/uros_ws/install/micro_ros_agent/bin'
[62.235s] INFO:colcon.colcon_core.shell:Creating package script '/home/angelo/Documents/repos/ackermann_ros2/uros_ws/install/micro_ros_agent/share/micro_ros_agent/package.ps1'
[62.236s] INFO:colcon.colcon_core.shell:Creating package descriptor '/home/angelo/Documents/repos/ackermann_ros2/uros_ws/install/micro_ros_agent/share/micro_ros_agent/package.dsv'
[62.236s] INFO:colcon.colcon_core.shell:Creating package script '/home/angelo/Documents/repos/ackermann_ros2/uros_ws/install/micro_ros_agent/share/micro_ros_agent/package.sh'
[62.237s] INFO:colcon.colcon_core.shell:Creating package script '/home/angelo/Documents/repos/ackermann_ros2/uros_ws/install/micro_ros_agent/share/micro_ros_agent/package.bash'
[62.238s] INFO:colcon.colcon_core.shell:Creating package script '/home/angelo/Documents/repos/ackermann_ros2/uros_ws/install/micro_ros_agent/share/micro_ros_agent/package.zsh'
[62.239s] Level 1:colcon.colcon_core.environment:create_file_with_runtime_dependencies(/home/angelo/Documents/repos/ackermann_ros2/uros_ws/install/micro_ros_agent/share/colcon-core/packages/micro_ros_agent)
[62.239s] DEBUG:colcon.colcon_parallel_executor.executor.parallel:closing loop
[62.240s] DEBUG:colcon.colcon_parallel_executor.executor.parallel:loop closed
[62.240s] DEBUG:colcon.colcon_parallel_executor.executor.parallel:run_until_complete finished with '0'
[62.240s] DEBUG:colcon.colcon_core.event_reactor:joining thread
[62.248s] INFO:colcon.colcon_core.plugin_system:Skipping extension 'colcon_notification.desktop_notification.terminal_notifier': Not used on non-Darwin systems
[62.248s] INFO:colcon.colcon_core.plugin_system:Skipping extension 'colcon_notification.desktop_notification.win32': Not used on non-Windows systems
[62.248s] INFO:colcon.colcon_notification.desktop_notification:Sending desktop notification using 'notify2'
[62.268s] DEBUG:colcon.colcon_core.event_reactor:joined thread
[62.269s] INFO:colcon.colcon_core.shell:Creating prefix script '/home/angelo/Documents/repos/ackermann_ros2/uros_ws/install/local_setup.ps1'
[62.269s] INFO:colcon.colcon_core.shell:Creating prefix util module '/home/angelo/Documents/repos/ackermann_ros2/uros_ws/install/_local_setup_util_ps1.py'
[62.271s] INFO:colcon.colcon_core.shell:Creating prefix chain script '/home/angelo/Documents/repos/ackermann_ros2/uros_ws/install/setup.ps1'
[62.272s] INFO:colcon.colcon_core.shell:Creating prefix script '/home/angelo/Documents/repos/ackermann_ros2/uros_ws/install/local_setup.sh'
[62.272s] INFO:colcon.colcon_core.shell:Creating prefix util module '/home/angelo/Documents/repos/ackermann_ros2/uros_ws/install/_local_setup_util_sh.py'
[62.273s] INFO:colcon.colcon_core.shell:Creating prefix chain script '/home/angelo/Documents/repos/ackermann_ros2/uros_ws/install/setup.sh'
[62.274s] INFO:colcon.colcon_core.shell:Creating prefix script '/home/angelo/Documents/repos/ackermann_ros2/uros_ws/install/local_setup.bash'
[62.274s] INFO:colcon.colcon_core.shell:Creating prefix chain script '/home/angelo/Documents/repos/ackermann_ros2/uros_ws/install/setup.bash'
[62.275s] INFO:colcon.colcon_core.shell:Creating prefix script '/home/angelo/Documents/repos/ackermann_ros2/uros_ws/install/local_setup.zsh'
[62.276s] INFO:colcon.colcon_core.shell:Creating prefix chain script '/home/angelo/Documents/repos/ackermann_ros2/uros_ws/install/setup.zsh'
